Initialize engine version: 4.6.1f1 (d1db7a1b5196)
GfxDevice: creating device client; threaded=1
Direct3D:
    Version:  Direct3D 11.0 [level 11.0]
    Renderer: Intel(R) HD Graphics 4000 (ID=0x166)
    Vendor:   Intel
    VRAM:     128 MB
Begin MonoManager ReloadAssembly
Platform assembly: C:\Users\Hal\eTD\eTD_Data\Managed\UnityEngine.dll (this message is harmless)
Loading C:\Users\Hal\eTD\eTD_Data\Managed\UnityEngine.dll into Unity Child Domain
Platform assembly: C:\Users\Hal\eTD\eTD_Data\Managed\Assembly-CSharp.dll (this message is harmless)
Loading C:\Users\Hal\eTD\eTD_Data\Managed\Assembly-CSharp.dll into Unity Child Domain
Platform assembly: C:\Users\Hal\eTD\eTD_Data\Managed\UnityEngine.UI.dll (this message is harmless)
Loading C:\Users\Hal\eTD\eTD_Data\Managed\UnityEngine.UI.dll into Unity Child Domain
Platform assembly: C:\Users\Hal\eTD\eTD_Data\Managed\Pathfinding.Ionic.Zip.Reduced.dll (this message is harmless)
Loading C:\Users\Hal\eTD\eTD_Data\Managed\Pathfinding.Ionic.Zip.Reduced.dll into Unity Child Domain
Platform assembly: C:\Users\Hal\eTD\eTD_Data\Managed\Pathfinding.JsonFx.dll (this message is harmless)
Loading C:\Users\Hal\eTD\eTD_Data\Managed\Pathfinding.JsonFx.dll into Unity Child Domain
- Completed reload, in  0.047 seconds
desktop: 1366x768 60Hz; virtual: 1366x768 at 0,0
<RI> Initializing input.
XInput1_3.dll not found.
<RI> Input initialized.
Platform assembly: C:\Users\Hal\eTD\eTD_Data\Managed\System.Core.dll (this message is harmless)
Platform assembly: C:\Users\Hal\eTD\eTD_Data\Managed\System.dll (this message is harmless)
Loading patch:C:/Users/Hal/eTD/eTD_Data/StreamingAssets/PdAssets/SFX.pd
 
(Filename: C:/BuildAgent/work/d63dfc6385190b60/artifacts/StandalonePlayerGenerated/UnityEngineDebug.cpp Line: 49)

IndexOutOfRangeException: Array index is out of range.
  at BasicTower.Update () [0x00000] in <filename unknown>:0 
 
(Filename:  Line: -1)


 
(Filename: C:/BuildAgent/work/d63dfc6385190b60/artifacts/StandalonePlayerGenerated/UnityEngineDebug.cpp Line: 49)


 
(Filename: C:/BuildAgent/work/d63dfc6385190b60/artifacts/StandalonePlayerGenerated/UnityEngineDebug.cpp Line: 49)


 
(Filename: C:/BuildAgent/work/d63dfc6385190b60/artifacts/StandalonePlayerGenerated/UnityEngineDebug.cpp Line: 49)

wallcount 1
 
(Filename: C:/BuildAgent/work/d63dfc6385190b60/artifacts/StandalonePlayerGenerated/UnityEngineDebug.cpp Line: 49)

wallcount 1
 
(Filename: C:/BuildAgent/work/d63dfc6385190b60/artifacts/StandalonePlayerGenerated/UnityEngineDebug.cpp Line: 49)

IndexOutOfRangeException: Array index is out of range.
  at BasicTower.Update () [0x00000] in <filename unknown>:0 
 
(Filename:  Line: -1)


 
(Filename: C:/BuildAgent/work/d63dfc6385190b60/artifacts/StandalonePlayerGenerated/UnityEngineDebug.cpp Line: 49)


 
(Filename: C:/BuildAgent/work/d63dfc6385190b60/artifacts/StandalonePlayerGenerated/UnityEngineDebug.cpp Line: 49)


 
(Filename: C:/BuildAgent/work/d63dfc6385190b60/artifacts/StandalonePlayerGenerated/UnityEngineDebug.cpp Line: 49)

IndexOutOfRangeException: Array index is out of range.
  at BasicTower.Update () [0x00000] in <filename unknown>:0 
 
(Filename:  Line: -1)

wallcount 1
 
(Filename: C:/BuildAgent/work/d63dfc6385190b60/artifacts/StandalonePlayerGenerated/UnityEngineDebug.cpp Line: 49)

IndexOutOfRangeException: Array index is out of range.
  at BasicTower.Update () [0x00000] in <filename unknown>:0 
 
(Filename:  Line: -1)

wallcount 1
 
(Filename: C:/BuildAgent/work/d63dfc6385190b60/artifacts/StandalonePlayerGenerated/UnityEngineDebug.cpp Line: 49)

IndexOutOfRangeException: Array index is out of range.
  at BasicTower.Update () [0x00000] in <filename unknown>:0 
 
(Filename:  Line: -1)

Path Completed : Computation Time 10.00 ms Searched Nodes 177 Path Length 84
Path Number 1
 
(Filename: C:/BuildAgent/work/d63dfc6385190b60/artifacts/StandalonePlayerGenerated/UnityEngineDebug.cpp Line: 49)

Path Completed : Computation Time 0.00 ms Searched Nodes 177 Path Length 84
Path Number 2
 
(Filename: C:/BuildAgent/work/d63dfc6385190b60/artifacts/StandalonePlayerGenerated/UnityEngineDebug.cpp Line: 49)

Path Completed : Computation Time 0.00 ms Searched Nodes 177 Path Length 84
Path Number 3
 
(Filename: C:/BuildAgent/work/d63dfc6385190b60/artifacts/StandalonePlayerGenerated/UnityEngineDebug.cpp Line: 49)

Path Completed : Computation Time 1.00 ms Searched Nodes 177 Path Length 84
Path Number 4
 
(Filename: C:/BuildAgent/work/d63dfc6385190b60/artifacts/StandalonePlayerGenerated/UnityEngineDebug.cpp Line: 49)

Path Completed : Computation Time 1.00 ms Searched Nodes 177 Path Length 84
Path Number 5
 
(Filename: C:/BuildAgent/work/d63dfc6385190b60/artifacts/StandalonePlayerGenerated/UnityEngineDebug.cpp Line: 49)

Path Completed : Computation Time 0.00 ms Searched Nodes 177 Path Length 84
Path Number 6
 
(Filename: C:/BuildAgent/work/d63dfc6385190b60/artifacts/StandalonePlayerGenerated/UnityEngineDebug.cpp Line: 49)

IndexOutOfRangeException: Array index is out of range.
  at BasicTower.Update () [0x00000] in <filename unknown>:0 
 
(Filename:  Line: -1)

Path Completed : Computation Time 1.00 ms Searched Nodes 177 Path Length 84
Path Number 7
 
(Filename: C:/BuildAgent/work/d63dfc6385190b60/artifacts/StandalonePlayerGenerated/UnityEngineDebug.cpp Line: 49)

Path Completed : Computation Time 0.00 ms Searched Nodes 177 Path Length 84
Path Number 8
 
(Filename: C:/BuildAgent/work/d63dfc6385190b60/artifacts/StandalonePlayerGenerated/UnityEngineDebug.cpp Line: 49)

Path Completed : Computation Time 0.00 ms Searched Nodes 177 Path Length 84
Path Number 9
 
(Filename: C:/BuildAgent/work/d63dfc6385190b60/artifacts/StandalonePlayerGenerated/UnityEngineDebug.cpp Line: 49)

Path Completed : Computation Time 0.00 ms Searched Nodes 177 Path Length 84
Path Number 10
 
(Filename: C:/BuildAgent/work/d63dfc6385190b60/artifacts/StandalonePlayerGenerated/UnityEngineDebug.cpp Line: 49)

IndexOutOfRangeException: Array index is out of range.
  at BasicTower.Update () [0x00000] in <filename unknown>:0 
 
(Filename:  Line: -1)

Path Completed : Computation Time 0.00 ms Searched Nodes 177 Path Length 84
Path Number 11
 
(Filename: C:/BuildAgent/work/d63dfc6385190b60/artifacts/StandalonePlayerGenerated/UnityEngineDebug.cpp Line: 49)

Path Completed : Computation Time 0.00 ms Searched Nodes 177 Path Length 84
Path Number 12
 
(Filename: C:/BuildAgent/work/d63dfc6385190b60/artifacts/StandalonePlayerGenerated/UnityEngineDebug.cpp Line: 49)

Path Completed : Computation Time 0.00 ms Searched Nodes 177 Path Length 84
Path Number 13
 
(Filename: C:/BuildAgent/work/d63dfc6385190b60/artifacts/StandalonePlayerGenerated/UnityEngineDebug.cpp Line: 49)

Path Completed : Computation Time 0.00 ms Searched Nodes 177 Path Length 84
Path Number 14
 
(Filename: C:/BuildAgent/work/d63dfc6385190b60/artifacts/StandalonePlayerGenerated/UnityEngineDebug.cpp Line: 49)

Path Completed : Computation Time 0.00 ms Searched Nodes 177 Path Length 84
Path Number 15
 
(Filename: C:/BuildAgent/work/d63dfc6385190b60/artifacts/StandalonePlayerGenerated/UnityEngineDebug.cpp Line: 49)

Path Completed : Computation Time 0.00 ms Searched Nodes 177 Path Length 84
Path Number 16
 
(Filename: C:/BuildAgent/work/d63dfc6385190b60/artifacts/StandalonePlayerGenerated/UnityEngineDebug.cpp Line: 49)

IndexOutOfRangeException: Array index is out of range.
  at BasicTower.Update () [0x00000] in <filename unknown>:0 
 
(Filename:  Line: -1)

Path Completed : Computation Time 0.00 ms Searched Nodes 177 Path Length 84
Path Number 17
 
(Filename: C:/BuildAgent/work/d63dfc6385190b60/artifacts/StandalonePlayerGenerated/UnityEngineDebug.cpp Line: 49)

Path Completed : Computation Time 0.00 ms Searched Nodes 177 Path Length 84
Path Number 18
 
(Filename: C:/BuildAgent/work/d63dfc6385190b60/artifacts/StandalonePlayerGenerated/UnityEngineDebug.cpp Line: 49)

Path Completed : Computation Time 1.00 ms Searched Nodes 177 Path Length 84
Path Number 19
 
(Filename: C:/BuildAgent/work/d63dfc6385190b60/artifacts/StandalonePlayerGenerated/UnityEngineDebug.cpp Line: 49)

Path Completed : Computation Time 0.00 ms Searched Nodes 177 Path Length 84
Path Number 20
 
(Filename: C:/BuildAgent/work/d63dfc6385190b60/artifacts/StandalonePlayerGenerated/UnityEngineDebug.cpp Line: 49)

Path Completed : Computation Time 0.00 ms Searched Nodes 177 Path Length 84
Path Number 21
 
(Filename: C:/BuildAgent/work/d63dfc6385190b60/artifacts/StandalonePlayerGenerated/UnityEngineDebug.cpp Line: 49)

Path Completed : Computation Time 0.00 ms Searched Nodes 177 Path Length 84
Path Number 22
 
(Filename: C:/BuildAgent/work/d63dfc6385190b60/artifacts/StandalonePlayerGenerated/UnityEngineDebug.cpp Line: 49)

Path Completed : Computation Time 0.00 ms Searched Nodes 177 Path Length 84
Path Number 23
 
(Filename: C:/BuildAgent/work/d63dfc6385190b60/artifacts/StandalonePlayerGenerated/UnityEngineDebug.cpp Line: 49)

Path Completed : Computation Time 0.00 ms Searched Nodes 177 Path Length 84
Path Number 24
 
(Filename: C:/BuildAgent/work/d63dfc6385190b60/artifacts/StandalonePlayerGenerated/UnityEngineDebug.cpp Line: 49)

Path Completed : Computation Time 0.00 ms Searched Nodes 177 Path Length 84
Path Number 25
 
(Filename: C:/BuildAgent/work/d63dfc6385190b60/artifacts/StandalonePlayerGenerated/UnityEngineDebug.cpp Line: 49)

Path Completed : Computation Time 1.00 ms Searched Nodes 177 Path Length 84
Path Number 26
 
(Filename: C:/BuildAgent/work/d63dfc6385190b60/artifacts/StandalonePlayerGenerated/UnityEngineDebug.cpp Line: 49)

Path Completed : Computation Time 0.00 ms Searched Nodes 177 Path Length 84
Path Number 27
 
(Filename: C:/BuildAgent/work/d63dfc6385190b60/artifacts/StandalonePlayerGenerated/UnityEngineDebug.cpp Line: 49)

Path Completed : Computation Time 0.00 ms Searched Nodes 177 Path Length 84
Path Number 28
 
(Filename: C:/BuildAgent/work/d63dfc6385190b60/artifacts/StandalonePlayerGenerated/UnityEngineDebug.cpp Line: 49)

Path Completed : Computation Time 0.00 ms Searched Nodes 177 Path Length 84
Path Number 29
 
(Filename: C:/BuildAgent/work/d63dfc6385190b60/artifacts/StandalonePlayerGenerated/UnityEngineDebug.cpp Line: 49)

Path Completed : Computation Time 0.00 ms Searched Nodes 177 Path Length 84
Path Number 30
 
(Filename: C:/BuildAgent/work/d63dfc6385190b60/artifacts/StandalonePlayerGenerated/UnityEngineDebug.cpp Line: 49)

Path Completed : Computation Time 0.00 ms Searched Nodes 177 Path Length 84
Path Number 31
 
(Filename: C:/BuildAgent/work/d63dfc6385190b60/artifacts/StandalonePlayerGenerated/UnityEngineDebug.cpp Line: 49)

Path Completed : Computation Time 0.00 ms Searched Nodes 177 Path Length 84
Path Number 32
 
(Filename: C:/BuildAgent/work/d63dfc6385190b60/artifacts/StandalonePlayerGenerated/UnityEngineDebug.cpp Line: 49)

Path Completed : Computation Time 0.00 ms Searched Nodes 177 Path Length 84
Path Number 33
 
(Filename: C:/BuildAgent/work/d63dfc6385190b60/artifacts/StandalonePlayerGenerated/UnityEngineDebug.cpp Line: 49)

Path Completed : Computation Time 0.00 ms Searched Nodes 177 Path Length 84
Path Number 34
 
(Filename: C:/BuildAgent/work/d63dfc6385190b60/artifacts/StandalonePlayerGenerated/UnityEngineDebug.cpp Line: 49)

Path Completed : Computation Time 0.00 ms Searched Nodes 177 Path Length 84
Path Number 35
 
(Filename: C:/BuildAgent/work/d63dfc6385190b60/artifacts/StandalonePlayerGenerated/UnityEngineDebug.cpp Line: 49)

Path Completed : Computation Time 0.00 ms Searched Nodes 177 Path Length 84
Path Number 36
 
(Filename: C:/BuildAgent/work/d63dfc6385190b60/artifacts/StandalonePlayerGenerated/UnityEngineDebug.cpp Line: 49)

Path Completed : Computation Time 0.00 ms Searched Nodes 177 Path Length 84
Path Number 37
 
(Filename: C:/BuildAgent/work/d63dfc6385190b60/artifacts/StandalonePlayerGenerated/UnityEngineDebug.cpp Line: 49)

Path Completed : Computation Time 0.00 ms Searched Nodes 177 Path Length 84
Path Number 38
 
(Filename: C:/BuildAgent/work/d63dfc6385190b60/artifacts/StandalonePlayerGenerated/UnityEngineDebug.cpp Line: 49)

Path Completed : Computation Time 0.00 ms Searched Nodes 177 Path Length 84
Path Number 39
 
(Filename: C:/BuildAgent/work/d63dfc6385190b60/artifacts/StandalonePlayerGenerated/UnityEngineDebug.cpp Line: 49)

Path Completed : Computation Time 0.00 ms Searched Nodes 177 Path Length 84
Path Number 40
 
(Filename: C:/BuildAgent/work/d63dfc6385190b60/artifacts/StandalonePlayerGenerated/UnityEngineDebug.cpp Line: 49)

Path Completed : Computation Time 0.00 ms Searched Nodes 177 Path Length 84
Path Number 41
 
(Filename: C:/BuildAgent/work/d63dfc6385190b60/artifacts/StandalonePlayerGenerated/UnityEngineDebug.cpp Line: 49)

Path Completed : Computation Time 1.00 ms Searched Nodes 177 Path Length 84
Path Number 42
 
(Filename: C:/BuildAgent/work/d63dfc6385190b60/artifacts/StandalonePlayerGenerated/UnityEngineDebug.cpp Line: 49)

Path Completed : Computation Time 1.00 ms Searched Nodes 177 Path Length 84
Path Number 43
 
(Filename: C:/BuildAgent/work/d63dfc6385190b60/artifacts/StandalonePlayerGenerated/UnityEngineDebug.cpp Line: 49)

Path Completed : Computation Time 0.00 ms Searched Nodes 177 Path Length 84
Path Number 44
 
(Filename: C:/BuildAgent/work/d63dfc6385190b60/artifacts/StandalonePlayerGenerated/UnityEngineDebug.cpp Line: 49)

Path Completed : Computation Time 0.00 ms Searched Nodes 177 Path Length 84
Path Number 45
 
(Filename: C:/BuildAgent/work/d63dfc6385190b60/artifacts/StandalonePlayerGenerated/UnityEngineDebug.cpp Line: 49)

IndexOutOfRangeException: Array index is out of range.
  at BasicTower.Update () [0x00000] in <filename unknown>:0 
 
(Filename:  Line: -1)

wallcount 1
 
(Filename: C:/BuildAgent/work/d63dfc6385190b60/artifacts/StandalonePlayerGenerated/UnityEngineDebug.cpp Line: 49)

IndexOutOfRangeException: Array index is out of range.
  at BasicTower.Update () [0x00000] in <filename unknown>:0 
 
(Filename:  Line: -1)

wallcount 1
 
(Filename: C:/BuildAgent/work/d63dfc6385190b60/artifacts/StandalonePlayerGenerated/UnityEngineDebug.cpp Line: 49)

IndexOutOfRangeException: Array index is out of range.
  at BasicTower.Update () [0x00000] in <filename unknown>:0 
 
(Filename:  Line: -1)

IndexOutOfRangeException: Array index is out of range.
  at BasicTower.Update () [0x00000] in <filename unknown>:0 
 
(Filename:  Line: -1)

IndexOutOfRangeException: Array index is out of range.
  at BasicTower.Update () [0x00000] in <filename unknown>:0 
 
(Filename:  Line: -1)

wallcount 1
 
(Filename: C:/BuildAgent/work/d63dfc6385190b60/artifacts/StandalonePlayerGenerated/UnityEngineDebug.cpp Line: 49)

wallcount 1
 
(Filename: C:/BuildAgent/work/d63dfc6385190b60/artifacts/StandalonePlayerGenerated/UnityEngineDebug.cpp Line: 49)

IndexOutOfRangeException: Array index is out of range.
  at BasicTower.Update () [0x00000] in <filename unknown>:0 
 
(Filename:  Line: -1)

wallcount 1
 
(Filename: C:/BuildAgent/work/d63dfc6385190b60/artifacts/StandalonePlayerGenerated/UnityEngineDebug.cpp Line: 49)

IndexOutOfRangeException: Array index is out of range.
  at BasicTower.Update () [0x00000] in <filename unknown>:0 
 
(Filename:  Line: -1)

Path Completed : Computation Time 0.00 ms Searched Nodes 177 Path Length 84
Path Number 46
 
(Filename: C:/BuildAgent/work/d63dfc6385190b60/artifacts/StandalonePlayerGenerated/UnityEngineDebug.cpp Line: 49)

Path Completed : Computation Time 0.00 ms Searched Nodes 177 Path Length 84
Path Number 47
 
(Filename: C:/BuildAgent/work/d63dfc6385190b60/artifacts/StandalonePlayerGenerated/UnityEngineDebug.cpp Line: 49)

wallcount 1
 
(Filename: C:/BuildAgent/work/d63dfc6385190b60/artifacts/StandalonePlayerGenerated/UnityEngineDebug.cpp Line: 49)

Path Completed : Computation Time 0.00 ms Searched Nodes 177 Path Length 84
Path Number 48
 
(Filename: C:/BuildAgent/work/d63dfc6385190b60/artifacts/StandalonePlayerGenerated/UnityEngineDebug.cpp Line: 49)

Path Completed : Computation Time 0.00 ms Searched Nodes 177 Path Length 84
Path Number 49
 
(Filename: C:/BuildAgent/work/d63dfc6385190b60/artifacts/StandalonePlayerGenerated/UnityEngineDebug.cpp Line: 49)

Path Completed : Computation Time 0.00 ms Searched Nodes 177 Path Length 84
Path Number 50
 
(Filename: C:/BuildAgent/work/d63dfc6385190b60/artifacts/StandalonePlayerGenerated/UnityEngineDebug.cpp Line: 49)

Path Completed : Computation Time 0.00 ms Searched Nodes 177 Path Length 84
Path Number 51
 
(Filename: C:/BuildAgent/work/d63dfc6385190b60/artifacts/StandalonePlayerGenerated/UnityEngineDebug.cpp Line: 49)

Path Completed : Computation Time 0.00 ms Searched Nodes 177 Path Length 84
Path Number 52
 
(Filename: C:/BuildAgent/work/d63dfc6385190b60/artifacts/StandalonePlayerGenerated/UnityEngineDebug.cpp Line: 49)

Path Completed : Computation Time 0.00 ms Searched Nodes 177 Path Length 84
Path Number 53
 
(Filename: C:/BuildAgent/work/d63dfc6385190b60/artifacts/StandalonePlayerGenerated/UnityEngineDebug.cpp Line: 49)

Path Completed : Computation Time 0.00 ms Searched Nodes 177 Path Length 84
Path Number 54
 
(Filename: C:/BuildAgent/work/d63dfc6385190b60/artifacts/StandalonePlayerGenerated/UnityEngineDebug.cpp Line: 49)

Path Completed : Computation Time 0.00 ms Searched Nodes 177 Path Length 84
Path Number 55
 
(Filename: C:/BuildAgent/work/d63dfc6385190b60/artifacts/StandalonePlayerGenerated/UnityEngineDebug.cpp Line: 49)

wallcount 1
 
(Filename: C:/BuildAgent/work/d63dfc6385190b60/artifacts/StandalonePlayerGenerated/UnityEngineDebug.cpp Line: 49)

IndexOutOfRangeException: Array index is out of range.
  at BasicTower.Update () [0x00000] in <filename unknown>:0 
 
(Filename:  Line: -1)

wallcount 1
 
(Filename: C:/BuildAgent/work/d63dfc6385190b60/artifacts/StandalonePlayerGenerated/UnityEngineDebug.cpp Line: 49)

IndexOutOfRangeException: Array index is out of range.
  at BasicTower.Update () [0x00000] in <filename unknown>:0 
 
(Filename:  Line: -1)

wallcount 1
 
(Filename: C:/BuildAgent/work/d63dfc6385190b60/artifacts/StandalonePlayerGenerated/UnityEngineDebug.cpp Line: 49)

wallcount 1
 
(Filename: C:/BuildAgent/work/d63dfc6385190b60/artifacts/StandalonePlayerGenerated/UnityEngineDebug.cpp Line: 49)

IndexOutOfRangeException: Array index is out of range.
  at BasicTower.Update () [0x00000] in <filename unknown>:0 
 
(Filename:  Line: -1)

IndexOutOfRangeException: Array index is out of range.
  at BasicTower.Update () [0x00000] in <filename unknown>:0 
 
(Filename:  Line: -1)

IndexOutOfRangeException: Array index is out of range.
  at BasicTower.Update () [0x00000] in <filename unknown>:0 
 
(Filename:  Line: -1)

IndexOutOfRangeException: Array index is out of range.
  at BasicTower.Update () [0x00000] in <filename unknown>:0 
 
(Filename:  Line: -1)

IndexOutOfRangeException: Array index is out of range.
  at BasicTower.Update () [0x00000] in <filename unknown>:0 
 
(Filename:  Line: -1)

IndexOutOfRangeException: Array index is out of range.
  at BasicTower.Update () [0x00000] in <filename unknown>:0 
 
(Filename:  Line: -1)

IndexOutOfRangeException: Array index is out of range.
  at BasicTower.Update () [0x00000] in <filename unknown>:0 
 
(Filename:  Line: -1)

Path Completed : Computation Time 0.00 ms Searched Nodes 177 Path Length 84
Path Number 56
 
(Filename: C:/BuildAgent/work/d63dfc6385190b60/artifacts/StandalonePlayerGenerated/UnityEngineDebug.cpp Line: 49)

Path Completed : Computation Time 0.00 ms Searched Nodes 177 Path Length 84
Path Number 57
 
(Filename: C:/BuildAgent/work/d63dfc6385190b60/artifacts/StandalonePlayerGenerated/UnityEngineDebug.cpp Line: 49)

wallcount 1
 
(Filename: C:/BuildAgent/work/d63dfc6385190b60/artifacts/StandalonePlayerGenerated/UnityEngineDebug.cpp Line: 49)

IndexOutOfRangeException: Array index is out of range.
  at BasicTower.Update () [0x00000] in <filename unknown>:0 
 
(Filename:  Line: -1)

Path Completed : Computation Time 0.00 ms Searched Nodes 177 Path Length 84
Path Number 58
 
(Filename: C:/BuildAgent/work/d63dfc6385190b60/artifacts/StandalonePlayerGenerated/UnityEngineDebug.cpp Line: 49)

wallcount 1
 
(Filename: C:/BuildAgent/work/d63dfc6385190b60/artifacts/StandalonePlayerGenerated/UnityEngineDebug.cpp Line: 49)

Path Completed : Computation Time 0.00 ms Searched Nodes 177 Path Length 84
Path Number 59
 
(Filename: C:/BuildAgent/work/d63dfc6385190b60/artifacts/StandalonePlayerGenerated/UnityEngineDebug.cpp Line: 49)

Path Completed : Computation Time 0.00 ms Searched Nodes 177 Path Length 84
Path Number 60
 
(Filename: C:/BuildAgent/work/d63dfc6385190b60/artifacts/StandalonePlayerGenerated/UnityEngineDebug.cpp Line: 49)

Path Completed : Computation Time 0.00 ms Searched Nodes 177 Path Length 84
Path Number 61
 
(Filename: C:/BuildAgent/work/d63dfc6385190b60/artifacts/StandalonePlayerGenerated/UnityEngineDebug.cpp Line: 49)

IndexOutOfRangeException: Array index is out of range.
  at BasicTower.Update () [0x00000] in <filename unknown>:0 
 
(Filename:  Line: -1)

Path Completed : Computation Time 0.00 ms Searched Nodes 177 Path Length 84
Path Number 62
 
(Filename: C:/BuildAgent/work/d63dfc6385190b60/artifacts/StandalonePlayerGenerated/UnityEngineDebug.cpp Line: 49)

Path Completed : Computation Time 0.00 ms Searched Nodes 177 Path Length 84
Path Number 63
 
(Filename: C:/BuildAgent/work/d63dfc6385190b60/artifacts/StandalonePlayerGenerated/UnityEngineDebug.cpp Line: 49)

Path Completed : Computation Time 0.00 ms Searched Nodes 177 Path Length 84
Path Number 64
 
(Filename: C:/BuildAgent/work/d63dfc6385190b60/artifacts/StandalonePlayerGenerated/UnityEngineDebug.cpp Line: 49)

Path Completed : Computation Time 0.00 ms Searched Nodes 177 Path Length 84
Path Number 65
 
(Filename: C:/BuildAgent/work/d63dfc6385190b60/artifacts/StandalonePlayerGenerated/UnityEngineDebug.cpp Line: 49)

Path Completed : Computation Time 0.00 ms Searched Nodes 177 Path Length 84
Path Number 66
 
(Filename: C:/BuildAgent/work/d63dfc6385190b60/artifacts/StandalonePlayerGenerated/UnityEngineDebug.cpp Line: 49)

Path Completed : Computation Time 0.00 ms Searched Nodes 177 Path Length 84
Path Number 67
 
(Filename: C:/BuildAgent/work/d63dfc6385190b60/artifacts/StandalonePlayerGenerated/UnityEngineDebug.cpp Line: 49)

IndexOutOfRangeException: Array index is out of range.
  at BasicTower.Update () [0x00000] in <filename unknown>:0 
 
(Filename:  Line: -1)

Path Completed : Computation Time 0.00 ms Searched Nodes 177 Path Length 84
Path Number 68
 
(Filename: C:/BuildAgent/work/d63dfc6385190b60/artifacts/StandalonePlayerGenerated/UnityEngineDebug.cpp Line: 49)

Path Completed : Computation Time 0.00 ms Searched Nodes 177 Path Length 84
Path Number 69
 
(Filename: C:/BuildAgent/work/d63dfc6385190b60/artifacts/StandalonePlayerGenerated/UnityEngineDebug.cpp Line: 49)

Path Completed : Computation Time 0.00 ms Searched Nodes 177 Path Length 84
Path Number 70
 
(Filename: C:/BuildAgent/work/d63dfc6385190b60/artifacts/StandalonePlayerGenerated/UnityEngineDebug.cpp Line: 49)

Path Completed : Computation Time 0.00 ms Searched Nodes 177 Path Length 84
Path Number 71
 
(Filename: C:/BuildAgent/work/d63dfc6385190b60/artifacts/StandalonePlayerGenerated/UnityEngineDebug.cpp Line: 49)

wallcount 1
 
(Filename: C:/BuildAgent/work/d63dfc6385190b60/artifacts/StandalonePlayerGenerated/UnityEngineDebug.cpp Line: 49)

Path Completed : Computation Time 0.00 ms Searched Nodes 177 Path Length 84
Path Number 72
 
(Filename: C:/BuildAgent/work/d63dfc6385190b60/artifacts/StandalonePlayerGenerated/UnityEngineDebug.cpp Line: 49)

wallcount 1
 
(Filename: C:/BuildAgent/work/d63dfc6385190b60/artifacts/StandalonePlayerGenerated/UnityEngineDebug.cpp Line: 49)

wallcount 1
 
(Filename: C:/BuildAgent/work/d63dfc6385190b60/artifacts/StandalonePlayerGenerated/UnityEngineDebug.cpp Line: 49)

Path Completed : Computation Time 0.00 ms Searched Nodes 177 Path Length 84
Path Number 73
 
(Filename: C:/BuildAgent/work/d63dfc6385190b60/artifacts/StandalonePlayerGenerated/UnityEngineDebug.cpp Line: 49)

wallcount 1
 
(Filename: C:/BuildAgent/work/d63dfc6385190b60/artifacts/StandalonePlayerGenerated/UnityEngineDebug.cpp Line: 49)

wallcount 1
 
(Filename: C:/BuildAgent/work/d63dfc6385190b60/artifacts/StandalonePlayerGenerated/UnityEngineDebug.cpp Line: 49)

Path Completed : Computation Time 0.00 ms Searched Nodes 177 Path Length 84
Path Number 74
 
(Filename: C:/BuildAgent/work/d63dfc6385190b60/artifacts/StandalonePlayerGenerated/UnityEngineDebug.cpp Line: 49)

wallcount 1
 
(Filename: C:/BuildAgent/work/d63dfc6385190b60/artifacts/StandalonePlayerGenerated/UnityEngineDebug.cpp Line: 49)

wallcount 1
 
(Filename: C:/BuildAgent/work/d63dfc6385190b60/artifacts/StandalonePlayerGenerated/UnityEngineDebug.cpp Line: 49)

Path Completed : Computation Time 0.00 ms Searched Nodes 177 Path Length 84
Path Number 75
 
(Filename: C:/BuildAgent/work/d63dfc6385190b60/artifacts/StandalonePlayerGenerated/UnityEngineDebug.cpp Line: 49)

wallcount 1
 
(Filename: C:/BuildAgent/work/d63dfc6385190b60/artifacts/StandalonePlayerGenerated/UnityEngineDebug.cpp Line: 49)

Path Completed : Computation Time 0.00 ms Searched Nodes 177 Path Length 84
Path Number 76
 
(Filename: C:/BuildAgent/work/d63dfc6385190b60/artifacts/StandalonePlayerGenerated/UnityEngineDebug.cpp Line: 49)

Path Completed : Computation Time 0.00 ms Searched Nodes 177 Path Length 84
Path Number 77
 
(Filename: C:/BuildAgent/work/d63dfc6385190b60/artifacts/StandalonePlayerGenerated/UnityEngineDebug.cpp Line: 49)

Path Completed : Computation Time 0.00 ms Searched Nodes 177 Path Length 84
Path Number 78
 
(Filename: C:/BuildAgent/work/d63dfc6385190b60/artifacts/StandalonePlayerGenerated/UnityEngineDebug.cpp Line: 49)

Path Completed : Computation Time 0.00 ms Searched Nodes 177 Path Length 84
Path Number 79
 
(Filename: C:/BuildAgent/work/d63dfc6385190b60/artifacts/StandalonePlayerGenerated/UnityEngineDebug.cpp Line: 49)

Path Completed : Computation Time 0.00 ms Searched Nodes 177 Path Length 84
Path Number 80
 
(Filename: C:/BuildAgent/work/d63dfc6385190b60/artifacts/StandalonePlayerGenerated/UnityEngineDebug.cpp Line: 49)

Path Completed : Computation Time 0.00 ms Searched Nodes 177 Path Length 84
Path Number 81
 
(Filename: C:/BuildAgent/work/d63dfc6385190b60/artifacts/StandalonePlayerGenerated/UnityEngineDebug.cpp Line: 49)

Path Completed : Computation Time 0.00 ms Searched Nodes 177 Path Length 84
Path Number 82
 
(Filename: C:/BuildAgent/work/d63dfc6385190b60/artifacts/StandalonePlayerGenerated/UnityEngineDebug.cpp Line: 49)

Path Completed : Computation Time 1.00 ms Searched Nodes 177 Path Length 84
Path Number 83
 
(Filename: C:/BuildAgent/work/d63dfc6385190b60/artifacts/StandalonePlayerGenerated/UnityEngineDebug.cpp Line: 49)

Path Completed : Computation Time 0.00 ms Searched Nodes 177 Path Length 84
Path Number 84
 
(Filename: C:/BuildAgent/work/d63dfc6385190b60/artifacts/StandalonePlayerGenerated/UnityEngineDebug.cpp Line: 49)

Path Completed : Computation Time 0.00 ms Searched Nodes 177 Path Length 84
Path Number 85
 
(Filename: C:/BuildAgent/work/d63dfc6385190b60/artifacts/StandalonePlayerGenerated/UnityEngineDebug.cpp Line: 49)

Path Completed : Computation Time 0.00 ms Searched Nodes 177 Path Length 84
Path Number 86
 
(Filename: C:/BuildAgent/work/d63dfc6385190b60/artifacts/StandalonePlayerGenerated/UnityEngineDebug.cpp Line: 49)

Path Completed : Computation Time 0.00 ms Searched Nodes 177 Path Length 84
Path Number 87
 
(Filename: C:/BuildAgent/work/d63dfc6385190b60/artifacts/StandalonePlayerGenerated/UnityEngineDebug.cpp Line: 49)

Path Completed : Computation Time 0.00 ms Searched Nodes 177 Path Length 84
Path Number 88
 
(Filename: C:/BuildAgent/work/d63dfc6385190b60/artifacts/StandalonePlayerGenerated/UnityEngineDebug.cpp Line: 49)

Path Completed : Computation Time 1.00 ms Searched Nodes 177 Path Length 84
Path Number 89
 
(Filename: C:/BuildAgent/work/d63dfc6385190b60/artifacts/StandalonePlayerGenerated/UnityEngineDebug.cpp Line: 49)

Path Completed : Computation Time 0.00 ms Searched Nodes 177 Path Length 84
Path Number 90
 
(Filename: C:/BuildAgent/work/d63dfc6385190b60/artifacts/StandalonePlayerGenerated/UnityEngineDebug.cpp Line: 49)

Path Completed : Computation Time 0.00 ms Searched Nodes 177 Path Length 84
Path Number 91
 
(Filename: C:/BuildAgent/work/d63dfc6385190b60/artifacts/StandalonePlayerGenerated/UnityEngineDebug.cpp Line: 49)

Path Completed : Computation Time 0.00 ms Searched Nodes 177 Path Length 84
Path Number 92
 
(Filename: C:/BuildAgent/work/d63dfc6385190b60/artifacts/StandalonePlayerGenerated/UnityEngineDebug.cpp Line: 49)

Path Completed : Computation Time 0.00 ms Searched Nodes 177 Path Length 84
Path Number 93
 
(Filename: C:/BuildAgent/work/d63dfc6385190b60/artifacts/StandalonePlayerGenerated/UnityEngineDebug.cpp Line: 49)

Path Completed : Computation Time 1.00 ms Searched Nodes 177 Path Length 84
Path Number 94
 
(Filename: C:/BuildAgent/work/d63dfc6385190b60/artifacts/StandalonePlayerGenerated/UnityEngineDebug.cpp Line: 49)

Path Completed : Computation Time 1.00 ms Searched Nodes 177 Path Length 84
Path Number 95
 
(Filename: C:/BuildAgent/work/d63dfc6385190b60/artifacts/StandalonePlayerGenerated/UnityEngineDebug.cpp Line: 49)

IndexOutOfRangeException: Array index is out of range.
  at BasicTower.Update () [0x00000] in <filename unknown>:0 
 
(Filename:  Line: -1)

IndexOutOfRangeException: Array index is out of range.
  at BasicTower.Update () [0x00000] in <filename unknown>:0 
 
(Filename:  Line: -1)

wallcount 1
 
(Filename: C:/BuildAgent/work/d63dfc6385190b60/artifacts/StandalonePlayerGenerated/UnityEngineDebug.cpp Line: 49)

IndexOutOfRangeException: Array index is out of range.
  at BasicTower.Update () [0x00000] in <filename unknown>:0 
 
(Filename:  Line: -1)


 
(Filename: C:/BuildAgent/work/d63dfc6385190b60/artifacts/StandalonePlayerGenerated/UnityEngineDebug.cpp Line: 49)


 
(Filename: C:/BuildAgent/work/d63dfc6385190b60/artifacts/StandalonePlayerGenerated/UnityEngineDebug.cpp Line: 49)


 
(Filename: C:/BuildAgent/work/d63dfc6385190b60/artifacts/StandalonePlayerGenerated/UnityEngineDebug.cpp Line: 49)


 
(Filename: C:/BuildAgent/work/d63dfc6385190b60/artifacts/StandalonePlayerGenerated/UnityEngineDebug.cpp Line: 49)

wallcount 2
 
(Filename: C:/BuildAgent/work/d63dfc6385190b60/artifacts/StandalonePlayerGenerated/UnityEngineDebug.cpp Line: 49)

IndexOutOfRangeException: Array index is out of range.
  at BasicTower.Update () [0x00000] in <filename unknown>:0 
 
(Filename:  Line: -1)

IndexOutOfRangeException: Array index is out of range.
  at BasicTower.Update () [0x00000] in <filename unknown>:0 
 
(Filename:  Line: -1)

IndexOutOfRangeException: Array index is out of range.
  at BasicTower.Update () [0x00000] in <filename unknown>:0 
 
(Filename:  Line: -1)

IndexOutOfRangeException: Array index is out of range.
  at BasicTower.Update () [0x00000] in <filename unknown>:0 
 
(Filename:  Line: -1)

IndexOutOfRangeException: Array index is out of range.
  at BasicTower.Update () [0x00000] in <filename unknown>:0 
 
(Filename:  Line: -1)

IndexOutOfRangeException: Array index is out of range.
  at BasicTower.Update () [0x00000] in <filename unknown>:0 
 
(Filename:  Line: -1)

IndexOutOfRangeException: Array index is out of range.
  at BasicTower.Update () [0x00000] in <filename unknown>:0 
 
(Filename:  Line: -1)

IndexOutOfRangeException: Array index is out of range.
  at BasicTower.Update () [0x00000] in <filename unknown>:0 
 
(Filename:  Line: -1)

wallcount 2
 
(Filename: C:/BuildAgent/work/d63dfc6385190b60/artifacts/StandalonePlayerGenerated/UnityEngineDebug.cpp Line: 49)

IndexOutOfRangeException: Array index is out of range.
  at BasicTower.Update () [0x00000] in <filename unknown>:0 
 
(Filename:  Line: -1)

wallcount 2
 
(Filename: C:/BuildAgent/work/d63dfc6385190b60/artifacts/StandalonePlayerGenerated/UnityEngineDebug.cpp Line: 49)

IndexOutOfRangeException: Array index is out of range.
  at BasicTower.Update () [0x00000] in <filename unknown>:0 
 
(Filename:  Line: -1)

IndexOutOfRangeException: Array index is out of range.
  at BasicTower.Update () [0x00000] in <filename unknown>:0 
 
(Filename:  Line: -1)

IndexOutOfRangeException: Array index is out of range.
  at BasicTower.Update () [0x00000] in <filename unknown>:0 
 
(Filename:  Line: -1)

IndexOutOfRangeException: Array index is out of range.
  at BasicTower.Update () [0x00000] in <filename unknown>:0 
 
(Filename:  Line: -1)

IndexOutOfRangeException: Array index is out of range.
  at BasicTower.Update () [0x00000] in <filename unknown>:0 
 
(Filename:  Line: -1)

IndexOutOfRangeException: Array index is out of range.
  at BasicTower.Update () [0x00000] in <filename unknown>:0 
 
(Filename:  Line: -1)

IndexOutOfRangeException: Array index is out of range.
  at BasicTower.Update () [0x00000] in <filename unknown>:0 
 
(Filename:  Line: -1)

IndexOutOfRangeException: Array index is out of range.
  at BasicTower.Update () [0x00000] in <filename unknown>:0 
 
(Filename:  Line: -1)

wallcount 2
 
(Filename: C:/BuildAgent/work/d63dfc6385190b60/artifacts/StandalonePlayerGenerated/UnityEngineDebug.cpp Line: 49)

wallcount 2
 
(Filename: C:/BuildAgent/work/d63dfc6385190b60/artifacts/StandalonePlayerGenerated/UnityEngineDebug.cpp Line: 49)

IndexOutOfRangeException: Array index is out of range.
  at BasicTower.Update () [0x00000] in <filename unknown>:0 
 
(Filename:  Line: -1)

IndexOutOfRangeException: Array index is out of range.
  at BasicTower.Update () [0x00000] in <filename unknown>:0 
 
(Filename:  Line: -1)

IndexOutOfRangeException: Array index is out of range.
  at BasicTower.Update () [0x00000] in <filename unknown>:0 
 
(Filename:  Line: -1)

IndexOutOfRangeException: Array index is out of range.
  at BasicTower.Update () [0x00000] in <filename unknown>:0 
 
(Filename:  Line: -1)

IndexOutOfRangeException: Array index is out of range.
  at BasicTower.Update () [0x00000] in <filename unknown>:0 
 
(Filename:  Line: -1)

IndexOutOfRangeException: Array index is out of range.
  at BasicTower.Update () [0x00000] in <filename unknown>:0 
 
(Filename:  Line: -1)

IndexOutOfRangeException: Array index is out of range.
  at BasicTower.Update () [0x00000] in <filename unknown>:0 
 
(Filename:  Line: -1)

IndexOutOfRangeException: Array index is out of range.
  at BasicTower.Update () [0x00000] in <filename unknown>:0 
 
(Filename:  Line: -1)

Path Completed : Computation Time 1.00 ms Searched Nodes 177 Path Length 84
Path Number 96
 
(Filename: C:/BuildAgent/work/d63dfc6385190b60/artifacts/StandalonePlayerGenerated/UnityEngineDebug.cpp Line: 49)

wallcount 2
 
(Filename: C:/BuildAgent/work/d63dfc6385190b60/artifacts/StandalonePlayerGenerated/UnityEngineDebug.cpp Line: 49)

Path Completed : Computation Time 0.00 ms Searched Nodes 177 Path Length 84
Path Number 97
 
(Filename: C:/BuildAgent/work/d63dfc6385190b60/artifacts/StandalonePlayerGenerated/UnityEngineDebug.cpp Line: 49)

IndexOutOfRangeException: Array index is out of range.
  at BasicTower.Update () [0x00000] in <filename unknown>:0 
 
(Filename:  Line: -1)

IndexOutOfRangeException: Array index is out of range.
  at BasicTower.Update () [0x00000] in <filename unknown>:0 
 
(Filename:  Line: -1)


 
(Filename: C:/BuildAgent/work/d63dfc6385190b60/artifacts/StandalonePlayerGenerated/UnityEngineDebug.cpp Line: 49)


 
(Filename: C:/BuildAgent/work/d63dfc6385190b60/artifacts/StandalonePlayerGenerated/UnityEngineDebug.cpp Line: 49)

Path Completed : Computation Time 0.00 ms Searched Nodes 177 Path Length 84
Path Number 98
 
(Filename: C:/BuildAgent/work/d63dfc6385190b60/artifacts/StandalonePlayerGenerated/UnityEngineDebug.cpp Line: 49)

IndexOutOfRangeException: Array index is out of range.
  at BasicTower.Update () [0x00000] in <filename unknown>:0 
 
(Filename:  Line: -1)

wallcount 1
 
(Filename: C:/BuildAgent/work/d63dfc6385190b60/artifacts/StandalonePlayerGenerated/UnityEngineDebug.cpp Line: 49)

Path Completed : Computation Time 0.00 ms Searched Nodes 177 Path Length 84
Path Number 99
 
(Filename: C:/BuildAgent/work/d63dfc6385190b60/artifacts/StandalonePlayerGenerated/UnityEngineDebug.cpp Line: 49)

IndexOutOfRangeException: Array index is out of range.
  at BasicTower.Update () [0x00000] in <filename unknown>:0 
 
(Filename:  Line: -1)

Path Completed : Computation Time 0.00 ms Searched Nodes 177 Path Length 84
Path Number 100
 
(Filename: C:/BuildAgent/work/d63dfc6385190b60/artifacts/StandalonePlayerGenerated/UnityEngineDebug.cpp Line: 49)

IndexOutOfRangeException: Array index is out of range.
  at BasicTower.Update () [0x00000] in <filename unknown>:0 
 
(Filename:  Line: -1)

Path Completed : Computation Time 1.00 ms Searched Nodes 177 Path Length 84
Path Number 101
 
(Filename: C:/BuildAgent/work/d63dfc6385190b60/artifacts/StandalonePlayerGenerated/UnityEngineDebug.cpp Line: 49)

IndexOutOfRangeException: Array index is out of range.
  at BasicTower.Update () [0x00000] in <filename unknown>:0 
 
(Filename:  Line: -1)

IndexOutOfRangeException: Array index is out of range.
  at BasicTower.Update () [0x00000] in <filename unknown>:0 
 
(Filename:  Line: -1)

Path Completed : Computation Time 0.00 ms Searched Nodes 177 Path Length 84
Path Number 102
 
(Filename: C:/BuildAgent/work/d63dfc6385190b60/artifacts/StandalonePlayerGenerated/UnityEngineDebug.cpp Line: 49)

Path Completed : Computation Time 0.00 ms Searched Nodes 177 Path Length 84
Path Number 103
 
(Filename: C:/BuildAgent/work/d63dfc6385190b60/artifacts/StandalonePlayerGenerated/UnityEngineDebug.cpp Line: 49)

IndexOutOfRangeException: Array index is out of range.
  at BasicTower.Update () [0x00000] in <filename unknown>:0 
 
(Filename:  Line: -1)

Path Completed : Computation Time 0.00 ms Searched Nodes 177 Path Length 84
Path Number 104
 
(Filename: C:/BuildAgent/work/d63dfc6385190b60/artifacts/StandalonePlayerGenerated/UnityEngineDebug.cpp Line: 49)

IndexOutOfRangeException: Array index is out of range.
  at BasicTower.Update () [0x00000] in <filename unknown>:0 
 
(Filename:  Line: -1)

Path Completed : Computation Time 0.00 ms Searched Nodes 177 Path Length 84
Path Number 105
 
(Filename: C:/BuildAgent/work/d63dfc6385190b60/artifacts/StandalonePlayerGenerated/UnityEngineDebug.cpp Line: 49)

Path Completed : Computation Time 0.00 ms Searched Nodes 177 Path Length 84
Path Number 106
 
(Filename: C:/BuildAgent/work/d63dfc6385190b60/artifacts/StandalonePlayerGenerated/UnityEngineDebug.cpp Line: 49)

Path Completed : Computation Time 0.00 ms Searched Nodes 177 Path Length 84
Path Number 107
 
(Filename: C:/BuildAgent/work/d63dfc6385190b60/artifacts/StandalonePlayerGenerated/UnityEngineDebug.cpp Line: 49)

Path Completed : Computation Time 0.00 ms Searched Nodes 177 Path Length 84
Path Number 108
 
(Filename: C:/BuildAgent/work/d63dfc6385190b60/artifacts/StandalonePlayerGenerated/UnityEngineDebug.cpp Line: 49)

IndexOutOfRangeException: Array index is out of range.
  at BasicTower.Update () [0x00000] in <filename unknown>:0 
 
(Filename:  Line: -1)

Path Completed : Computation Time 0.00 ms Searched Nodes 177 Path Length 84
Path Number 109
 
(Filename: C:/BuildAgent/work/d63dfc6385190b60/artifacts/StandalonePlayerGenerated/UnityEngineDebug.cpp Line: 49)

Path Completed : Computation Time 0.00 ms Searched Nodes 177 Path Length 84
Path Number 110
 
(Filename: C:/BuildAgent/work/d63dfc6385190b60/artifacts/StandalonePlayerGenerated/UnityEngineDebug.cpp Line: 49)

IndexOutOfRangeException: Array index is out of range.
  at BasicTower.Update () [0x00000] in <filename unknown>:0 
 
(Filename:  Line: -1)

Path Completed : Computation Time 0.00 ms Searched Nodes 177 Path Length 84
Path Number 111
 
(Filename: C:/BuildAgent/work/d63dfc6385190b60/artifacts/StandalonePlayerGenerated/UnityEngineDebug.cpp Line: 49)

Path Completed : Computation Time 0.00 ms Searched Nodes 177 Path Length 84
Path Number 112
 
(Filename: C:/BuildAgent/work/d63dfc6385190b60/artifacts/StandalonePlayerGenerated/UnityEngineDebug.cpp Line: 49)

Path Completed : Computation Time 0.00 ms Searched Nodes 177 Path Length 84
Path Number 113
 
(Filename: C:/BuildAgent/work/d63dfc6385190b60/artifacts/StandalonePlayerGenerated/UnityEngineDebug.cpp Line: 49)

IndexOutOfRangeException: Array index is out of range.
  at BasicTower.Update () [0x00000] in <filename unknown>:0 
 
(Filename:  Line: -1)

Path Completed : Computation Time 0.00 ms Searched Nodes 177 Path Length 84
Path Number 114
 
(Filename: C:/BuildAgent/work/d63dfc6385190b60/artifacts/StandalonePlayerGenerated/UnityEngineDebug.cpp Line: 49)

IndexOutOfRangeException: Array index is out of range.
  at BasicTower.Update () [0x00000] in <filename unknown>:0 
 
(Filename:  Line: -1)

Path Completed : Computation Time 1.00 ms Searched Nodes 177 Path Length 84
Path Number 115
 
(Filename: C:/BuildAgent/work/d63dfc6385190b60/artifacts/StandalonePlayerGenerated/UnityEngineDebug.cpp Line: 49)

IndexOutOfRangeException: Array index is out of range.
  at BasicTower.Update () [0x00000] in <filename unknown>:0 
 
(Filename:  Line: -1)

IndexOutOfRangeException: Array index is out of range.
  at BasicTower.Update () [0x00000] in <filename unknown>:0 
 
(Filename:  Line: -1)

IndexOutOfRangeException: Array index is out of range.
  at BasicTower.Update () [0x00000] in <filename unknown>:0 
 
(Filename:  Line: -1)

IndexOutOfRangeException: Array index is out of range.
  at BasicTower.Update () [0x00000] in <filename unknown>:0 
 
(Filename:  Line: -1)

IndexOutOfRangeException: Array index is out of range.
  at BasicTower.Update () [0x00000] in <filename unknown>:0 
 
(Filename:  Line: -1)

IndexOutOfRangeException: Array index is out of range.
  at BasicTower.Update () [0x00000] in <filename unknown>:0 
 
(Filename:  Line: -1)

IndexOutOfRangeException: Array index is out of range.
  at BasicTower.Update () [0x00000] in <filename unknown>:0 
 
(Filename:  Line: -1)

IndexOutOfRangeException: Array index is out of range.
  at BasicTower.Update () [0x00000] in <filename unknown>:0 
 
(Filename:  Line: -1)

IndexOutOfRangeException: Array index is out of range.
  at BasicTower.Update () [0x00000] in <filename unknown>:0 
 
(Filename:  Line: -1)

IndexOutOfRangeException: Array index is out of range.
  at BasicTower.Update () [0x00000] in <filename unknown>:0 
 
(Filename:  Line: -1)

IndexOutOfRangeException: Array index is out of range.
  at BasicTower.Update () [0x00000] in <filename unknown>:0 
 
(Filename:  Line: -1)

IndexOutOfRangeException: Array index is out of range.
  at BasicTower.Update () [0x00000] in <filename unknown>:0 
 
(Filename:  Line: -1)

IndexOutOfRangeException: Array index is out of range.
  at BasicTower.Update () [0x00000] in <filename unknown>:0 
 
(Filename:  Line: -1)

IndexOutOfRangeException: Array index is out of range.
  at BasicTower.Update () [0x00000] in <filename unknown>:0 
 
(Filename:  Line: -1)

IndexOutOfRangeException: Array index is out of range.
  at BasicTower.Update () [0x00000] in <filename unknown>:0 
 
(Filename:  Line: -1)

IndexOutOfRangeException: Array index is out of range.
  at BasicTower.Update () [0x00000] in <filename unknown>:0 
 
(Filename:  Line: -1)

IndexOutOfRangeException: Array index is out of range.
  at BasicTower.Update () [0x00000] in <filename unknown>:0 
 
(Filename:  Line: -1)

IndexOutOfRangeException: Array index is out of range.
  at BasicTower.Update () [0x00000] in <filename unknown>:0 
 
(Filename:  Line: -1)

IndexOutOfRangeException: Array index is out of range.
  at BasicTower.Update () [0x00000] in <filename unknown>:0 
 
(Filename:  Line: -1)

IndexOutOfRangeException: Array index is out of range.
  at BasicTower.Update () [0x00000] in <filename unknown>:0 
 
(Filename:  Line: -1)

wallcount 1
 
(Filename: C:/BuildAgent/work/d63dfc6385190b60/artifacts/StandalonePlayerGenerated/UnityEngineDebug.cpp Line: 49)

IndexOutOfRangeException: Array index is out of range.
  at BasicTower.Update () [0x00000] in <filename unknown>:0 
 
(Filename:  Line: -1)

IndexOutOfRangeException: Array index is out of range.
  at BasicTower.Update () [0x00000] in <filename unknown>:0 
 
(Filename:  Line: -1)

wallcount 1
 
(Filename: C:/BuildAgent/work/d63dfc6385190b60/artifacts/StandalonePlayerGenerated/UnityEngineDebug.cpp Line: 49)

IndexOutOfRangeException: Array index is out of range.
  at BasicTower.Update () [0x00000] in <filename unknown>:0 
 
(Filename:  Line: -1)

IndexOutOfRangeException: Array index is out of range.
  at BasicTower.Update () [0x00000] in <filename unknown>:0 
 
(Filename:  Line: -1)

IndexOutOfRangeException: Array index is out of range.
  at BasicTower.Update () [0x00000] in <filename unknown>:0 
 
(Filename:  Line: -1)

IndexOutOfRangeException: Array index is out of range.
  at BasicTower.Update () [0x00000] in <filename unknown>:0 
 
(Filename:  Line: -1)

IndexOutOfRangeException: Array index is out of range.
  at BasicTower.Update () [0x00000] in <filename unknown>:0 
 
(Filename:  Line: -1)

IndexOutOfRangeException: Array index is out of range.
  at BasicTower.Update () [0x00000] in <filename unknown>:0 
 
(Filename:  Line: -1)

IndexOutOfRangeException: Array index is out of range.
  at BasicTower.Update () [0x00000] in <filename unknown>:0 
 
(Filename:  Line: -1)

IndexOutOfRangeException: Array index is out of range.
  at BasicTower.Update () [0x00000] in <filename unknown>:0 
 
(Filename:  Line: -1)

IndexOutOfRangeException: Array index is out of range.
  at BasicTower.Update () [0x00000] in <filename unknown>:0 
 
(Filename:  Line: -1)

Path Completed : Computation Time 0.00 ms Searched Nodes 177 Path Length 84
Path Number 116
 
(Filename: C:/BuildAgent/work/d63dfc6385190b60/artifacts/StandalonePlayerGenerated/UnityEngineDebug.cpp Line: 49)

Path Completed : Computation Time 0.00 ms Searched Nodes 177 Path Length 84
Path Number 117
 
(Filename: C:/BuildAgent/work/d63dfc6385190b60/artifacts/StandalonePlayerGenerated/UnityEngineDebug.cpp Line: 49)

IndexOutOfRangeException: Array index is out of range.
  at BasicTower.Update () [0x00000] in <filename unknown>:0 
 
(Filename:  Line: -1)

Path Completed : Computation Time 1.00 ms Searched Nodes 177 Path Length 84
Path Number 118
 
(Filename: C:/BuildAgent/work/d63dfc6385190b60/artifacts/StandalonePlayerGenerated/UnityEngineDebug.cpp Line: 49)

wallcount 1
 
(Filename: C:/BuildAgent/work/d63dfc6385190b60/artifacts/StandalonePlayerGenerated/UnityEngineDebug.cpp Line: 49)

IndexOutOfRangeException: Array index is out of range.
  at BasicTower.Update () [0x00000] in <filename unknown>:0 
 
(Filename:  Line: -1)

Path Completed : Computation Time 0.00 ms Searched Nodes 177 Path Length 84
Path Number 119
 
(Filename: C:/BuildAgent/work/d63dfc6385190b60/artifacts/StandalonePlayerGenerated/UnityEngineDebug.cpp Line: 49)

wallcount 1
 
(Filename: C:/BuildAgent/work/d63dfc6385190b60/artifacts/StandalonePlayerGenerated/UnityEngineDebug.cpp Line: 49)

IndexOutOfRangeException: Array index is out of range.
  at BasicTower.Update () [0x00000] in <filename unknown>:0 
 
(Filename:  Line: -1)

Path Completed : Computation Time 0.00 ms Searched Nodes 177 Path Length 84
Path Number 120
 
(Filename: C:/BuildAgent/work/d63dfc6385190b60/artifacts/StandalonePlayerGenerated/UnityEngineDebug.cpp Line: 49)

Path Completed : Computation Time 0.00 ms Searched Nodes 177 Path Length 84
Path Number 121
 
(Filename: C:/BuildAgent/work/d63dfc6385190b60/artifacts/StandalonePlayerGenerated/UnityEngineDebug.cpp Line: 49)

IndexOutOfRangeException: Array index is out of range.
  at BasicTower.Update () [0x00000] in <filename unknown>:0 
 
(Filename:  Line: -1)

IndexOutOfRangeException: Array index is out of range.
  at BasicTower.Update () [0x00000] in <filename unknown>:0 
 
(Filename:  Line: -1)

Path Completed : Computation Time 0.00 ms Searched Nodes 177 Path Length 84
Path Number 122
 
(Filename: C:/BuildAgent/work/d63dfc6385190b60/artifacts/StandalonePlayerGenerated/UnityEngineDebug.cpp Line: 49)

Path Completed : Computation Time 1.00 ms Searched Nodes 177 Path Length 84
Path Number 123
 
(Filename: C:/BuildAgent/work/d63dfc6385190b60/artifacts/StandalonePlayerGenerated/UnityEngineDebug.cpp Line: 49)

IndexOutOfRangeException: Array index is out of range.
  at BasicTower.Update () [0x00000] in <filename unknown>:0 
 
(Filename:  Line: -1)

Path Completed : Computation Time 0.00 ms Searched Nodes 177 Path Length 84
Path Number 124
 
(Filename: C:/BuildAgent/work/d63dfc6385190b60/artifacts/StandalonePlayerGenerated/UnityEngineDebug.cpp Line: 49)

wallcount 1
 
(Filename: C:/BuildAgent/work/d63dfc6385190b60/artifacts/StandalonePlayerGenerated/UnityEngineDebug.cpp Line: 49)

Path Completed : Computation Time 1.00 ms Searched Nodes 177 Path Length 84
Path Number 125
 
(Filename: C:/BuildAgent/work/d63dfc6385190b60/artifacts/StandalonePlayerGenerated/UnityEngineDebug.cpp Line: 49)

IndexOutOfRangeException: Array index is out of range.
  at BasicTower.Update () [0x00000] in <filename unknown>:0 
 
(Filename:  Line: -1)

IndexOutOfRangeException: Array index is out of range.
  at BasicTower.Update () [0x00000] in <filename unknown>:0 
 
(Filename:  Line: -1)

Path Completed : Computation Time 1.00 ms Searched Nodes 177 Path Length 84
Path Number 126
 
(Filename: C:/BuildAgent/work/d63dfc6385190b60/artifacts/StandalonePlayerGenerated/UnityEngineDebug.cpp Line: 49)

wallcount 1
 
(Filename: C:/BuildAgent/work/d63dfc6385190b60/artifacts/StandalonePlayerGenerated/UnityEngineDebug.cpp Line: 49)

Path Completed : Computation Time 1.00 ms Searched Nodes 177 Path Length 84
Path Number 127
 
(Filename: C:/BuildAgent/work/d63dfc6385190b60/artifacts/StandalonePlayerGenerated/UnityEngineDebug.cpp Line: 49)

IndexOutOfRangeException: Array index is out of range.
  at BasicTower.Update () [0x00000] in <filename unknown>:0 
 
(Filename:  Line: -1)

IndexOutOfRangeException: Array index is out of range.
  at BasicTower.Update () [0x00000] in <filename unknown>:0 
 
(Filename:  Line: -1)

Path Completed : Computation Time 0.00 ms Searched Nodes 177 Path Length 84
Path Number 128
 
(Filename: C:/BuildAgent/work/d63dfc6385190b60/artifacts/StandalonePlayerGenerated/UnityEngineDebug.cpp Line: 49)

IndexOutOfRangeException: Array index is out of range.
  at BasicTower.Update () [0x00000] in <filename unknown>:0 
 
(Filename:  Line: -1)

Path Completed : Computation Time 0.00 ms Searched Nodes 177 Path Length 84
Path Number 129
 
(Filename: C:/BuildAgent/work/d63dfc6385190b60/artifacts/StandalonePlayerGenerated/UnityEngineDebug.cpp Line: 49)

Path Completed : Computation Time 0.00 ms Searched Nodes 177 Path Length 84
Path Number 130
 
(Filename: C:/BuildAgent/work/d63dfc6385190b60/artifacts/StandalonePlayerGenerated/UnityEngineDebug.cpp Line: 49)

IndexOutOfRangeException: Array index is out of range.
  at BasicTower.Update () [0x00000] in <filename unknown>:0 
 
(Filename:  Line: -1)

Path Completed : Computation Time 0.00 ms Searched Nodes 177 Path Length 84
Path Number 131
 
(Filename: C:/BuildAgent/work/d63dfc6385190b60/artifacts/StandalonePlayerGenerated/UnityEngineDebug.cpp Line: 49)

Path Completed : Computation Time 0.00 ms Searched Nodes 177 Path Length 84
Path Number 132
 
(Filename: C:/BuildAgent/work/d63dfc6385190b60/artifacts/StandalonePlayerGenerated/UnityEngineDebug.cpp Line: 49)

Path Completed : Computation Time 0.00 ms Searched Nodes 177 Path Length 84
Path Number 133
 
(Filename: C:/BuildAgent/work/d63dfc6385190b60/artifacts/StandalonePlayerGenerated/UnityEngineDebug.cpp Line: 49)

Path Completed : Computation Time 0.00 ms Searched Nodes 177 Path Length 84
Path Number 134
 
(Filename: C:/BuildAgent/work/d63dfc6385190b60/artifacts/StandalonePlayerGenerated/UnityEngineDebug.cpp Line: 49)

IndexOutOfRangeException: Array index is out of range.
  at BasicTower.Update () [0x00000] in <filename unknown>:0 
 
(Filename:  Line: -1)

Path Completed : Computation Time 0.00 ms Searched Nodes 177 Path Length 84
Path Number 135
 
(Filename: C:/BuildAgent/work/d63dfc6385190b60/artifacts/StandalonePlayerGenerated/UnityEngineDebug.cpp Line: 49)

Path Completed : Computation Time 0.00 ms Searched Nodes 177 Path Length 84
Path Number 136
 
(Filename: C:/BuildAgent/work/d63dfc6385190b60/artifacts/StandalonePlayerGenerated/UnityEngineDebug.cpp Line: 49)

IndexOutOfRangeException: Array index is out of range.
  at BasicTower.Update () [0x00000] in <filename unknown>:0 
 
(Filename:  Line: -1)

Path Completed : Computation Time 0.00 ms Searched Nodes 177 Path Length 84
Path Number 137
 
(Filename: C:/BuildAgent/work/d63dfc6385190b60/artifacts/StandalonePlayerGenerated/UnityEngineDebug.cpp Line: 49)

Path Completed : Computation Time 1.00 ms Searched Nodes 177 Path Length 84
Path Number 138
 
(Filename: C:/BuildAgent/work/d63dfc6385190b60/artifacts/StandalonePlayerGenerated/UnityEngineDebug.cpp Line: 49)

Path Completed : Computation Time 0.00 ms Searched Nodes 177 Path Length 84
Path Number 139
 
(Filename: C:/BuildAgent/work/d63dfc6385190b60/artifacts/StandalonePlayerGenerated/UnityEngineDebug.cpp Line: 49)

Path Completed : Computation Time 1.00 ms Searched Nodes 177 Path Length 84
Path Number 140
 
(Filename: C:/BuildAgent/work/d63dfc6385190b60/artifacts/StandalonePlayerGenerated/UnityEngineDebug.cpp Line: 49)

Path Completed : Computation Time 0.00 ms Searched Nodes 177 Path Length 84
Path Number 141
 
(Filename: C:/BuildAgent/work/d63dfc6385190b60/artifacts/StandalonePlayerGenerated/UnityEngineDebug.cpp Line: 49)

Path Completed : Computation Time 0.00 ms Searched Nodes 177 Path Length 84
Path Number 142
 
(Filename: C:/BuildAgent/work/d63dfc6385190b60/artifacts/StandalonePlayerGenerated/UnityEngineDebug.cpp Line: 49)

IndexOutOfRangeException: Array index is out of range.
  at BasicTower.Update () [0x00000] in <filename unknown>:0 
 
(Filename:  Line: -1)

Path Completed : Computation Time 0.00 ms Searched Nodes 177 Path Length 84
Path Number 143
 
(Filename: C:/BuildAgent/work/d63dfc6385190b60/artifacts/StandalonePlayerGenerated/UnityEngineDebug.cpp Line: 49)

Path Completed : Computation Time 0.00 ms Searched Nodes 177 Path Length 84
Path Number 144
 
(Filename: C:/BuildAgent/work/d63dfc6385190b60/artifacts/StandalonePlayerGenerated/UnityEngineDebug.cpp Line: 49)

wallcount 1
 
(Filename: C:/BuildAgent/work/d63dfc6385190b60/artifacts/StandalonePlayerGenerated/UnityEngineDebug.cpp Line: 49)

Path Completed : Computation Time 0.00 ms Searched Nodes 177 Path Length 84
Path Number 145
 
(Filename: C:/BuildAgent/work/d63dfc6385190b60/artifacts/StandalonePlayerGenerated/UnityEngineDebug.cpp Line: 49)

Path Completed : Computation Time 0.00 ms Searched Nodes 177 Path Length 84
Path Number 146
 
(Filename: C:/BuildAgent/work/d63dfc6385190b60/artifacts/StandalonePlayerGenerated/UnityEngineDebug.cpp Line: 49)

Path Completed : Computation Time 0.00 ms Searched Nodes 177 Path Length 84
Path Number 147
 
(Filename: C:/BuildAgent/work/d63dfc6385190b60/artifacts/StandalonePlayerGenerated/UnityEngineDebug.cpp Line: 49)

wallcount 1
 
(Filename: C:/BuildAgent/work/d63dfc6385190b60/artifacts/StandalonePlayerGenerated/UnityEngineDebug.cpp Line: 49)

Path Completed : Computation Time 0.00 ms Searched Nodes 177 Path Length 84
Path Number 148
 
(Filename: C:/BuildAgent/work/d63dfc6385190b60/artifacts/StandalonePlayerGenerated/UnityEngineDebug.cpp Line: 49)

wallcount 1
 
(Filename: C:/BuildAgent/work/d63dfc6385190b60/artifacts/StandalonePlayerGenerated/UnityEngineDebug.cpp Line: 49)

Path Completed : Computation Time 0.00 ms Searched Nodes 177 Path Length 84
Path Number 149
 
(Filename: C:/BuildAgent/work/d63dfc6385190b60/artifacts/StandalonePlayerGenerated/UnityEngineDebug.cpp Line: 49)

wallcount 1
 
(Filename: C:/BuildAgent/work/d63dfc6385190b60/artifacts/StandalonePlayerGenerated/UnityEngineDebug.cpp Line: 49)

IndexOutOfRangeException: Array index is out of range.
  at BasicTower.Update () [0x00000] in <filename unknown>:0 
 
(Filename:  Line: -1)

wallcount 1
 
(Filename: C:/BuildAgent/work/d63dfc6385190b60/artifacts/StandalonePlayerGenerated/UnityEngineDebug.cpp Line: 49)

Path Completed : Computation Time 0.00 ms Searched Nodes 177 Path Length 84
Path Number 150
 
(Filename: C:/BuildAgent/work/d63dfc6385190b60/artifacts/StandalonePlayerGenerated/UnityEngineDebug.cpp Line: 49)

wallcount 1
 
(Filename: C:/BuildAgent/work/d63dfc6385190b60/artifacts/StandalonePlayerGenerated/UnityEngineDebug.cpp Line: 49)

wallcount 1
 
(Filename: C:/BuildAgent/work/d63dfc6385190b60/artifacts/StandalonePlayerGenerated/UnityEngineDebug.cpp Line: 49)

Path Completed : Computation Time 0.00 ms Searched Nodes 177 Path Length 84
Path Number 151
 
(Filename: C:/BuildAgent/work/d63dfc6385190b60/artifacts/StandalonePlayerGenerated/UnityEngineDebug.cpp Line: 49)

wallcount 1
 
(Filename: C:/BuildAgent/work/d63dfc6385190b60/artifacts/StandalonePlayerGenerated/UnityEngineDebug.cpp Line: 49)

IndexOutOfRangeException: Array index is out of range.
  at BasicTower.Update () [0x00000] in <filename unknown>:0 
 
(Filename:  Line: -1)

Path Completed : Computation Time 0.00 ms Searched Nodes 177 Path Length 84
Path Number 152
 
(Filename: C:/BuildAgent/work/d63dfc6385190b60/artifacts/StandalonePlayerGenerated/UnityEngineDebug.cpp Line: 49)

wallcount 1
 
(Filename: C:/BuildAgent/work/d63dfc6385190b60/artifacts/StandalonePlayerGenerated/UnityEngineDebug.cpp Line: 49)

wallcount 1
 
(Filename: C:/BuildAgent/work/d63dfc6385190b60/artifacts/StandalonePlayerGenerated/UnityEngineDebug.cpp Line: 49)

Path Completed : Computation Time 1.00 ms Searched Nodes 177 Path Length 84
Path Number 153
 
(Filename: C:/BuildAgent/work/d63dfc6385190b60/artifacts/StandalonePlayerGenerated/UnityEngineDebug.cpp Line: 49)

wallcount 1
 
(Filename: C:/BuildAgent/work/d63dfc6385190b60/artifacts/StandalonePlayerGenerated/UnityEngineDebug.cpp Line: 49)

IndexOutOfRangeException: Array index is out of range.
  at BasicTower.Update () [0x00000] in <filename unknown>:0 
 
(Filename:  Line: -1)

wallcount 1
 
(Filename: C:/BuildAgent/work/d63dfc6385190b60/artifacts/StandalonePlayerGenerated/UnityEngineDebug.cpp Line: 49)

Path Completed : Computation Time 1.00 ms Searched Nodes 177 Path Length 84
Path Number 154
 
(Filename: C:/BuildAgent/work/d63dfc6385190b60/artifacts/StandalonePlayerGenerated/UnityEngineDebug.cpp Line: 49)

wallcount 1
 
(Filename: C:/BuildAgent/work/d63dfc6385190b60/artifacts/StandalonePlayerGenerated/UnityEngineDebug.cpp Line: 49)

Path Completed : Computation Time 1.00 ms Searched Nodes 177 Path Length 84
Path Number 155
 
(Filename: C:/BuildAgent/work/d63dfc6385190b60/artifacts/StandalonePlayerGenerated/UnityEngineDebug.cpp Line: 49)

wallcount 1
 
(Filename: C:/BuildAgent/work/d63dfc6385190b60/artifacts/StandalonePlayerGenerated/UnityEngineDebug.cpp Line: 49)

Path Completed : Computation Time 0.00 ms Searched Nodes 177 Path Length 84
Path Number 156
 
(Filename: C:/BuildAgent/work/d63dfc6385190b60/artifacts/StandalonePlayerGenerated/UnityEngineDebug.cpp Line: 49)

Path Completed : Computation Time 0.00 ms Searched Nodes 177 Path Length 84
Path Number 157
 
(Filename: C:/BuildAgent/work/d63dfc6385190b60/artifacts/StandalonePlayerGenerated/UnityEngineDebug.cpp Line: 49)

IndexOutOfRangeException: Array index is out of range.
  at BasicTower.Update () [0x00000] in <filename unknown>:0 
 
(Filename:  Line: -1)

Path Completed : Computation Time 0.00 ms Searched Nodes 177 Path Length 84
Path Number 158
 
(Filename: C:/BuildAgent/work/d63dfc6385190b60/artifacts/StandalonePlayerGenerated/UnityEngineDebug.cpp Line: 49)

Path Completed : Computation Time 0.00 ms Searched Nodes 177 Path Length 84
Path Number 159
 
(Filename: C:/BuildAgent/work/d63dfc6385190b60/artifacts/StandalonePlayerGenerated/UnityEngineDebug.cpp Line: 49)

Path Completed : Computation Time 0.00 ms Searched Nodes 177 Path Length 84
Path Number 160
 
(Filename: C:/BuildAgent/work/d63dfc6385190b60/artifacts/StandalonePlayerGenerated/UnityEngineDebug.cpp Line: 49)

IndexOutOfRangeException: Array index is out of range.
  at BasicTower.Update () [0x00000] in <filename unknown>:0 
 
(Filename:  Line: -1)

IndexOutOfRangeException: Array index is out of range.
  at BasicTower.Update () [0x00000] in <filename unknown>:0 
 
(Filename:  Line: -1)

IndexOutOfRangeException: Array index is out of range.
  at BasicTower.Update () [0x00000] in <filename unknown>:0 
 
(Filename:  Line: -1)

wallcount 1
 
(Filename: C:/BuildAgent/work/d63dfc6385190b60/artifacts/StandalonePlayerGenerated/UnityEngineDebug.cpp Line: 49)

IndexOutOfRangeException: Array index is out of range.
  at BasicTower.Update () [0x00000] in <filename unknown>:0 
 
(Filename:  Line: -1)

wallcount 1
 
(Filename: C:/BuildAgent/work/d63dfc6385190b60/artifacts/StandalonePlayerGenerated/UnityEngineDebug.cpp Line: 49)

IndexOutOfRangeException: Array index is out of range.
  at BasicTower.Update () [0x00000] in <filename unknown>:0 
 
(Filename:  Line: -1)

IndexOutOfRangeException: Array index is out of range.
  at BasicTower.Update () [0x00000] in <filename unknown>:0 
 
(Filename:  Line: -1)

IndexOutOfRangeException: Array index is out of range.
  at BasicTower.Update () [0x00000] in <filename unknown>:0 
 
(Filename:  Line: -1)

IndexOutOfRangeException: Array index is out of range.
  at BasicTower.Update () [0x00000] in <filename unknown>:0 
 
(Filename:  Line: -1)

IndexOutOfRangeException: Array index is out of range.
  at BasicTower.Update () [0x00000] in <filename unknown>:0 
 
(Filename:  Line: -1)

IndexOutOfRangeException: Array index is out of range.
  at BasicTower.Update () [0x00000] in <filename unknown>:0 
 
(Filename:  Line: -1)

wallcount 1
 
(Filename: C:/BuildAgent/work/d63dfc6385190b60/artifacts/StandalonePlayerGenerated/UnityEngineDebug.cpp Line: 49)

IndexOutOfRangeException: Array index is out of range.
  at BasicTower.Update () [0x00000] in <filename unknown>:0 
 
(Filename:  Line: -1)

IndexOutOfRangeException: Array index is out of range.
  at BasicTower.Update () [0x00000] in <filename unknown>:0 
 
(Filename:  Line: -1)

wallcount 1
 
(Filename: C:/BuildAgent/work/d63dfc6385190b60/artifacts/StandalonePlayerGenerated/UnityEngineDebug.cpp Line: 49)

IndexOutOfRangeException: Array index is out of range.
  at BasicTower.Update () [0x00000] in <filename unknown>:0 
 
(Filename:  Line: -1)

IndexOutOfRangeException: Array index is out of range.
  at BasicTower.Update () [0x00000] in <filename unknown>:0 
 
(Filename:  Line: -1)

IndexOutOfRangeException: Array index is out of range.
  at BasicTower.Update () [0x00000] in <filename unknown>:0 
 
(Filename:  Line: -1)

IndexOutOfRangeException: Array index is out of range.
  at BasicTower.Update () [0x00000] in <filename unknown>:0 
 
(Filename:  Line: -1)

IndexOutOfRangeException: Array index is out of range.
  at BasicTower.Update () [0x00000] in <filename unknown>:0 
 
(Filename:  Line: -1)

wallcount 1
 
(Filename: C:/BuildAgent/work/d63dfc6385190b60/artifacts/StandalonePlayerGenerated/UnityEngineDebug.cpp Line: 49)

IndexOutOfRangeException: Array index is out of range.
  at BasicTower.Update () [0x00000] in <filename unknown>:0 
 
(Filename:  Line: -1)

IndexOutOfRangeException: Array index is out of range.
  at BasicTower.Update () [0x00000] in <filename unknown>:0 
 
(Filename:  Line: -1)

IndexOutOfRangeException: Array index is out of range.
  at BasicTower.Update () [0x00000] in <filename unknown>:0 
 
(Filename:  Line: -1)

IndexOutOfRangeException: Array index is out of range.
  at BasicTower.Update () [0x00000] in <filename unknown>:0 
 
(Filename:  Line: -1)

wallcount 1
 
(Filename: C:/BuildAgent/work/d63dfc6385190b60/artifacts/StandalonePlayerGenerated/UnityEngineDebug.cpp Line: 49)

IndexOutOfRangeException: Array index is out of range.
  at BasicTower.Update () [0x00000] in <filename unknown>:0 
 
(Filename:  Line: -1)

wallcount 1
 
(Filename: C:/BuildAgent/work/d63dfc6385190b60/artifacts/StandalonePlayerGenerated/UnityEngineDebug.cpp Line: 49)

IndexOutOfRangeException: Array index is out of range.
  at BasicTower.Update () [0x00000] in <filename unknown>:0 
 
(Filename:  Line: -1)

IndexOutOfRangeException: Array index is out of range.
  at BasicTower.Update () [0x00000] in <filename unknown>:0 
 
(Filename:  Line: -1)

wallcount 1
 
(Filename: C:/BuildAgent/work/d63dfc6385190b60/artifacts/StandalonePlayerGenerated/UnityEngineDebug.cpp Line: 49)

IndexOutOfRangeException: Array index is out of range.
  at BasicTower.Update () [0x00000] in <filename unknown>:0 
 
(Filename:  Line: -1)

IndexOutOfRangeException: Array index is out of range.
  at BasicTower.Update () [0x00000] in <filename unknown>:0 
 
(Filename:  Line: -1)

IndexOutOfRangeException: Array index is out of range.
  at BasicTower.Update () [0x00000] in <filename unknown>:0 
 
(Filename:  Line: -1)

IndexOutOfRangeException: Array index is out of range.
  at BasicTower.Update () [0x00000] in <filename unknown>:0 
 
(Filename:  Line: -1)

IndexOutOfRangeException: Array index is out of range.
  at BasicTower.Update () [0x00000] in <filename unknown>:0 
 
(Filename:  Line: -1)

IndexOutOfRangeException: Array index is out of range.
  at BasicTower.Update () [0x00000] in <filename unknown>:0 
 
(Filename:  Line: -1)

IndexOutOfRangeException: Array index is out of range.
  at BasicTower.Update () [0x00000] in <filename unknown>:0 
 
(Filename:  Line: -1)

IndexOutOfRangeException: Array index is out of range.
  at BasicTower.Update () [0x00000] in <filename unknown>:0 
 
(Filename:  Line: -1)

IndexOutOfRangeException: Array index is out of range.
  at BasicTower.Update () [0x00000] in <filename unknown>:0 
 
(Filename:  Line: -1)

wallcount 1
 
(Filename: C:/BuildAgent/work/d63dfc6385190b60/artifacts/StandalonePlayerGenerated/UnityEngineDebug.cpp Line: 49)

IndexOutOfRangeException: Array index is out of range.
  at BasicTower.Update () [0x00000] in <filename unknown>:0 
 
(Filename:  Line: -1)

IndexOutOfRangeException: Array index is out of range.
  at BasicTower.Update () [0x00000] in <filename unknown>:0 
 
(Filename:  Line: -1)

wallcount 1
 
(Filename: C:/BuildAgent/work/d63dfc6385190b60/artifacts/StandalonePlayerGenerated/UnityEngineDebug.cpp Line: 49)

IndexOutOfRangeException: Array index is out of range.
  at BasicTower.Update () [0x00000] in <filename unknown>:0 
 
(Filename:  Line: -1)

IndexOutOfRangeException: Array index is out of range.
  at BasicTower.Update () [0x00000] in <filename unknown>:0 
 
(Filename:  Line: -1)

Path Completed : Computation Time 0.00 ms Searched Nodes 177 Path Length 84
Path Number 161
 
(Filename: C:/BuildAgent/work/d63dfc6385190b60/artifacts/StandalonePlayerGenerated/UnityEngineDebug.cpp Line: 49)

wallcount 1
 
(Filename: C:/BuildAgent/work/d63dfc6385190b60/artifacts/StandalonePlayerGenerated/UnityEngineDebug.cpp Line: 49)

IndexOutOfRangeException: Array index is out of range.
  at BasicTower.Update () [0x00000] in <filename unknown>:0 
 
(Filename:  Line: -1)

IndexOutOfRangeException: Array index is out of range.
  at BasicTower.Update () [0x00000] in <filename unknown>:0 
 
(Filename:  Line: -1)

Path Completed : Computation Time 0.00 ms Searched Nodes 177 Path Length 84
Path Number 162
 
(Filename: C:/BuildAgent/work/d63dfc6385190b60/artifacts/StandalonePlayerGenerated/UnityEngineDebug.cpp Line: 49)

wallcount 1
 
(Filename: C:/BuildAgent/work/d63dfc6385190b60/artifacts/StandalonePlayerGenerated/UnityEngineDebug.cpp Line: 49)

IndexOutOfRangeException: Array index is out of range.
  at BasicTower.Update () [0x00000] in <filename unknown>:0 
 
(Filename:  Line: -1)

IndexOutOfRangeException: Array index is out of range.
  at BasicTower.Update () [0x00000] in <filename unknown>:0 
 
(Filename:  Line: -1)

Path Completed : Computation Time 1.00 ms Searched Nodes 177 Path Length 84
Path Number 163
 
(Filename: C:/BuildAgent/work/d63dfc6385190b60/artifacts/StandalonePlayerGenerated/UnityEngineDebug.cpp Line: 49)

IndexOutOfRangeException: Array index is out of range.
  at BasicTower.Update () [0x00000] in <filename unknown>:0 
 
(Filename:  Line: -1)

Path Completed : Computation Time 0.00 ms Searched Nodes 177 Path Length 84
Path Number 164
 
(Filename: C:/BuildAgent/work/d63dfc6385190b60/artifacts/StandalonePlayerGenerated/UnityEngineDebug.cpp Line: 49)

IndexOutOfRangeException: Array index is out of range.
  at BasicTower.Update () [0x00000] in <filename unknown>:0 
 
(Filename:  Line: -1)

Path Completed : Computation Time 0.00 ms Searched Nodes 177 Path Length 84
Path Number 165
 
(Filename: C:/BuildAgent/work/d63dfc6385190b60/artifacts/StandalonePlayerGenerated/UnityEngineDebug.cpp Line: 49)

IndexOutOfRangeException: Array index is out of range.
  at BasicTower.Update () [0x00000] in <filename unknown>:0 
 
(Filename:  Line: -1)

IndexOutOfRangeException: Array index is out of range.
  at BasicTower.Update () [0x00000] in <filename unknown>:0 
 
(Filename:  Line: -1)

Path Completed : Computation Time 0.00 ms Searched Nodes 177 Path Length 84
Path Number 166
 
(Filename: C:/BuildAgent/work/d63dfc6385190b60/artifacts/StandalonePlayerGenerated/UnityEngineDebug.cpp Line: 49)

Path Completed : Computation Time 0.00 ms Searched Nodes 177 Path Length 84
Path Number 167
 
(Filename: C:/BuildAgent/work/d63dfc6385190b60/artifacts/StandalonePlayerGenerated/UnityEngineDebug.cpp Line: 49)

wallcount 1
 
(Filename: C:/BuildAgent/work/d63dfc6385190b60/artifacts/StandalonePlayerGenerated/UnityEngineDebug.cpp Line: 49)

IndexOutOfRangeException: Array index is out of range.
  at BasicTower.Update () [0x00000] in <filename unknown>:0 
 
(Filename:  Line: -1)

IndexOutOfRangeException: Array index is out of range.
  at BasicTower.Update () [0x00000] in <filename unknown>:0 
 
(Filename:  Line: -1)

wallcount 1
 
(Filename: C:/BuildAgent/work/d63dfc6385190b60/artifacts/StandalonePlayerGenerated/UnityEngineDebug.cpp Line: 49)

IndexOutOfRangeException: Array index is out of range.
  at BasicTower.Update () [0x00000] in <filename unknown>:0 
 
(Filename:  Line: -1)

Path Completed : Computation Time 0.00 ms Searched Nodes 177 Path Length 84
Path Number 168
 
(Filename: C:/BuildAgent/work/d63dfc6385190b60/artifacts/StandalonePlayerGenerated/UnityEngineDebug.cpp Line: 49)

IndexOutOfRangeException: Array index is out of range.
  at BasicTower.Update () [0x00000] in <filename unknown>:0 
 
(Filename:  Line: -1)

Path Completed : Computation Time 0.00 ms Searched Nodes 177 Path Length 84
Path Number 169
 
(Filename: C:/BuildAgent/work/d63dfc6385190b60/artifacts/StandalonePlayerGenerated/UnityEngineDebug.cpp Line: 49)

IndexOutOfRangeException: Array index is out of range.
  at BasicTower.Update () [0x00000] in <filename unknown>:0 
 
(Filename:  Line: -1)

Path Completed : Computation Time 0.00 ms Searched Nodes 177 Path Length 84
Path Number 170
 
(Filename: C:/BuildAgent/work/d63dfc6385190b60/artifacts/StandalonePlayerGenerated/UnityEngineDebug.cpp Line: 49)

IndexOutOfRangeException: Array index is out of range.
  at BasicTower.Update () [0x00000] in <filename unknown>:0 
 
(Filename:  Line: -1)

IndexOutOfRangeException: Array index is out of range.
  at BasicTower.Update () [0x00000] in <filename unknown>:0 
 
(Filename:  Line: -1)

Path Completed : Computation Time 0.00 ms Searched Nodes 177 Path Length 84
Path Number 171
 
(Filename: C:/BuildAgent/work/d63dfc6385190b60/artifacts/StandalonePlayerGenerated/UnityEngineDebug.cpp Line: 49)

IndexOutOfRangeException: Array index is out of range.
  at BasicTower.Update () [0x00000] in <filename unknown>:0 
 
(Filename:  Line: -1)

Path Completed : Computation Time 0.00 ms Searched Nodes 177 Path Length 84
Path Number 172
 
(Filename: C:/BuildAgent/work/d63dfc6385190b60/artifacts/StandalonePlayerGenerated/UnityEngineDebug.cpp Line: 49)

Path Completed : Computation Time 0.00 ms Searched Nodes 177 Path Length 84
Path Number 173
 
(Filename: C:/BuildAgent/work/d63dfc6385190b60/artifacts/StandalonePlayerGenerated/UnityEngineDebug.cpp Line: 49)

IndexOutOfRangeException: Array index is out of range.
  at BasicTower.Update () [0x00000] in <filename unknown>:0 
 
(Filename:  Line: -1)

Path Completed : Computation Time 0.00 ms Searched Nodes 177 Path Length 84
Path Number 174
 
(Filename: C:/BuildAgent/work/d63dfc6385190b60/artifacts/StandalonePlayerGenerated/UnityEngineDebug.cpp Line: 49)

Path Completed : Computation Time 0.00 ms Searched Nodes 177 Path Length 84
Path Number 175
 
(Filename: C:/BuildAgent/work/d63dfc6385190b60/artifacts/StandalonePlayerGenerated/UnityEngineDebug.cpp Line: 49)

wallcount 1
 
(Filename: C:/BuildAgent/work/d63dfc6385190b60/artifacts/StandalonePlayerGenerated/UnityEngineDebug.cpp Line: 49)

Path Completed : Computation Time 0.00 ms Searched Nodes 177 Path Length 84
Path Number 176
 
(Filename: C:/BuildAgent/work/d63dfc6385190b60/artifacts/StandalonePlayerGenerated/UnityEngineDebug.cpp Line: 49)

wallcount 1
 
(Filename: C:/BuildAgent/work/d63dfc6385190b60/artifacts/StandalonePlayerGenerated/UnityEngineDebug.cpp Line: 49)

Path Completed : Computation Time 0.00 ms Searched Nodes 177 Path Length 84
Path Number 177
 
(Filename: C:/BuildAgent/work/d63dfc6385190b60/artifacts/StandalonePlayerGenerated/UnityEngineDebug.cpp Line: 49)

IndexOutOfRangeException: Array index is out of range.
  at BasicTower.Update () [0x00000] in <filename unknown>:0 
 
(Filename:  Line: -1)

Path Completed : Computation Time 0.00 ms Searched Nodes 177 Path Length 84
Path Number 178
 
(Filename: C:/BuildAgent/work/d63dfc6385190b60/artifacts/StandalonePlayerGenerated/UnityEngineDebug.cpp Line: 49)

IndexOutOfRangeException: Array index is out of range.
  at BasicTower.Update () [0x00000] in <filename unknown>:0 
 
(Filename:  Line: -1)

Path Completed : Computation Time 0.00 ms Searched Nodes 177 Path Length 84
Path Number 179
 
(Filename: C:/BuildAgent/work/d63dfc6385190b60/artifacts/StandalonePlayerGenerated/UnityEngineDebug.cpp Line: 49)

Path Completed : Computation Time 0.00 ms Searched Nodes 177 Path Length 84
Path Number 180
 
(Filename: C:/BuildAgent/work/d63dfc6385190b60/artifacts/StandalonePlayerGenerated/UnityEngineDebug.cpp Line: 49)

IndexOutOfRangeException: Array index is out of range.
  at BasicTower.Update () [0x00000] in <filename unknown>:0 
 
(Filename:  Line: -1)

wallcount 1
 
(Filename: C:/BuildAgent/work/d63dfc6385190b60/artifacts/StandalonePlayerGenerated/UnityEngineDebug.cpp Line: 49)

Path Completed : Computation Time 0.00 ms Searched Nodes 177 Path Length 84
Path Number 181
 
(Filename: C:/BuildAgent/work/d63dfc6385190b60/artifacts/StandalonePlayerGenerated/UnityEngineDebug.cpp Line: 49)

wallcount 1
 
(Filename: C:/BuildAgent/work/d63dfc6385190b60/artifacts/StandalonePlayerGenerated/UnityEngineDebug.cpp Line: 49)

Path Completed : Computation Time 0.00 ms Searched Nodes 177 Path Length 84
Path Number 182
 
(Filename: C:/BuildAgent/work/d63dfc6385190b60/artifacts/StandalonePlayerGenerated/UnityEngineDebug.cpp Line: 49)

IndexOutOfRangeException: Array index is out of range.
  at BasicTower.Update () [0x00000] in <filename unknown>:0 
 
(Filename:  Line: -1)

Path Completed : Computation Time 0.00 ms Searched Nodes 177 Path Length 84
Path Number 183
 
(Filename: C:/BuildAgent/work/d63dfc6385190b60/artifacts/StandalonePlayerGenerated/UnityEngineDebug.cpp Line: 49)

Path Completed : Computation Time 0.00 ms Searched Nodes 177 Path Length 84
Path Number 184
 
(Filename: C:/BuildAgent/work/d63dfc6385190b60/artifacts/StandalonePlayerGenerated/UnityEngineDebug.cpp Line: 49)

IndexOutOfRangeException: Array index is out of range.
  at BasicTower.Update () [0x00000] in <filename unknown>:0 
 
(Filename:  Line: -1)

wallcount 1
 
(Filename: C:/BuildAgent/work/d63dfc6385190b60/artifacts/StandalonePlayerGenerated/UnityEngineDebug.cpp Line: 49)

Path Completed : Computation Time 0.00 ms Searched Nodes 177 Path Length 84
Path Number 185
 
(Filename: C:/BuildAgent/work/d63dfc6385190b60/artifacts/StandalonePlayerGenerated/UnityEngineDebug.cpp Line: 49)

IndexOutOfRangeException: Array index is out of range.
  at BasicTower.Update () [0x00000] in <filename unknown>:0 
 
(Filename:  Line: -1)

IndexOutOfRangeException: Array index is out of range.
  at BasicTower.Update () [0x00000] in <filename unknown>:0 
 
(Filename:  Line: -1)

IndexOutOfRangeException: Array index is out of range.
  at BasicTower.Update () [0x00000] in <filename unknown>:0 
 
(Filename:  Line: -1)

wallcount 1
 
(Filename: C:/BuildAgent/work/d63dfc6385190b60/artifacts/StandalonePlayerGenerated/UnityEngineDebug.cpp Line: 49)

IndexOutOfRangeException: Array index is out of range.
  at BasicTower.Update () [0x00000] in <filename unknown>:0 
 
(Filename:  Line: -1)

wallcount 1
 
(Filename: C:/BuildAgent/work/d63dfc6385190b60/artifacts/StandalonePlayerGenerated/UnityEngineDebug.cpp Line: 49)

IndexOutOfRangeException: Array index is out of range.
  at BasicTower.Update () [0x00000] in <filename unknown>:0 
 
(Filename:  Line: -1)

IndexOutOfRangeException: Array index is out of range.
  at BasicTower.Update () [0x00000] in <filename unknown>:0 
 
(Filename:  Line: -1)

wallcount 1
 
(Filename: C:/BuildAgent/work/d63dfc6385190b60/artifacts/StandalonePlayerGenerated/UnityEngineDebug.cpp Line: 49)

wallcount 1
 
(Filename: C:/BuildAgent/work/d63dfc6385190b60/artifacts/StandalonePlayerGenerated/UnityEngineDebug.cpp Line: 49)

IndexOutOfRangeException: Array index is out of range.
  at BasicTower.Update () [0x00000] in <filename unknown>:0 
 
(Filename:  Line: -1)

IndexOutOfRangeException: Array index is out of range.
  at BasicTower.Update () [0x00000] in <filename unknown>:0 
 
(Filename:  Line: -1)

IndexOutOfRangeException: Array index is out of range.
  at BasicTower.Update () [0x00000] in <filename unknown>:0 
 
(Filename:  Line: -1)

IndexOutOfRangeException: Array index is out of range.
  at BasicTower.Update () [0x00000] in <filename unknown>:0 
 
(Filename:  Line: -1)

IndexOutOfRangeException: Array index is out of range.
  at BasicTower.Update () [0x00000] in <filename unknown>:0 
 
(Filename:  Line: -1)

IndexOutOfRangeException: Array index is out of range.
  at BasicTower.Update () [0x00000] in <filename unknown>:0 
 
(Filename:  Line: -1)

IndexOutOfRangeException: Array index is out of range.
  at BasicTower.Update () [0x00000] in <filename unknown>:0 
 
(Filename:  Line: -1)

IndexOutOfRangeException: Array index is out of range.
  at BasicTower.Update () [0x00000] in <filename unknown>:0 
 
(Filename:  Line: -1)

IndexOutOfRangeException: Array index is out of range.
  at BasicTower.Update () [0x00000] in <filename unknown>:0 
 
(Filename:  Line: -1)

